<?xml version="1.0" encoding="UTF-8"?>
<testng-results skipped="0" failed="1" ignored="0" total="3" passed="2">
  <reporter-output>
    <line>
      <![CDATA[success......]]>
    </line>
    <line>
      <![CDATA[success!!!!]]>
    </line>
    <line>
      <![CDATA[success......]]>
    </line>
    <line>
      <![CDATA[success!!!!]]>
    </line>
    <line>
      <![CDATA[fail!!!!]]>
    </line>
  </reporter-output>
  <suite name="Suite" duration-ms="25091" started-at="2018-12-10T09:38:58Z" finished-at="2018-12-10T09:39:23Z">
    <groups>
    </groups>
    <test name="Test" duration-ms="25091" started-at="2018-12-10T09:38:58Z" finished-at="2018-12-10T09:39:23Z">
      <class name="scripts.TestA">
        <test-method status="PASS" signature="openbrowser()[pri:0, instance:scripts.TestA@4b553d26]" name="openbrowser" is-config="true" duration-ms="6017" started-at="2018-12-10T09:39:07Z" finished-at="2018-12-10T09:39:13Z">
          <reporter-output>
          </reporter-output>
        </test-method> <!-- openbrowser -->
        <test-method status="PASS" signature="test1()[pri:0, instance:scripts.TestA@4b553d26]" name="test1" duration-ms="273" started-at="2018-12-10T09:39:13Z" finished-at="2018-12-10T09:39:13Z">
          <reporter-output>
            <line>
              <![CDATA[success......]]>
            </line>
            <line>
              <![CDATA[success!!!!]]>
            </line>
          </reporter-output>
        </test-method> <!-- test1 -->
        <test-method status="PASS" signature="closeBrowser()[pri:0, instance:scripts.TestA@4b553d26]" name="closeBrowser" is-config="true" duration-ms="2412" started-at="2018-12-10T09:39:13Z" finished-at="2018-12-10T09:39:16Z">
          <reporter-output>
          </reporter-output>
        </test-method> <!-- closeBrowser -->
        <test-method status="PASS" signature="openbrowser()[pri:0, instance:scripts.TestA@4b553d26]" name="openbrowser" is-config="true" duration-ms="5183" started-at="2018-12-10T09:39:16Z" finished-at="2018-12-10T09:39:21Z">
          <reporter-output>
          </reporter-output>
        </test-method> <!-- openbrowser -->
        <test-method status="FAIL" signature="test2()[pri:0, instance:scripts.TestA@4b553d26]" name="test2" duration-ms="4" started-at="2018-12-10T09:39:21Z" finished-at="2018-12-10T09:39:21Z">
          <exception class="java.lang.AssertionError">
            <message>
              <![CDATA[The following asserts failed:
null]]>
            </message>
            <full-stacktrace>
              <![CDATA[java.lang.AssertionError: The following asserts failed:
null
at org.testng.asserts.SoftAssert.assertAll(SoftAssert.java:43)
at scripts.TestA.test2(TestA.java:27)
at sun.reflect.NativeMethodAccessorImpl.invoke0(Native Method)
at sun.reflect.NativeMethodAccessorImpl.invoke(Unknown Source)
at sun.reflect.DelegatingMethodAccessorImpl.invoke(Unknown Source)
at java.lang.reflect.Method.invoke(Unknown Source)
at org.testng.internal.MethodInvocationHelper.invokeMethod(MethodInvocationHelper.java:124)
at org.testng.internal.Invoker.invokeMethod(Invoker.java:583)
at org.testng.internal.Invoker.invokeTestMethod(Invoker.java:719)
at org.testng.internal.Invoker.invokeTestMethods(Invoker.java:989)
at org.testng.internal.TestMethodWorker.invokeTestMethods(TestMethodWorker.java:125)
at org.testng.internal.TestMethodWorker.run(TestMethodWorker.java:109)
at org.testng.TestRunner.privateRun(TestRunner.java:648)
at org.testng.TestRunner.run(TestRunner.java:505)
at org.testng.SuiteRunner.runTest(SuiteRunner.java:455)
at org.testng.SuiteRunner.runSequentially(SuiteRunner.java:450)
at org.testng.SuiteRunner.privateRun(SuiteRunner.java:415)
at org.testng.SuiteRunner.run(SuiteRunner.java:364)
at org.testng.SuiteRunnerWorker.runSuite(SuiteRunnerWorker.java:52)
at org.testng.SuiteRunnerWorker.run(SuiteRunnerWorker.java:84)
at org.testng.TestNG.runSuitesSequentially(TestNG.java:1208)
at org.testng.TestNG.runSuitesLocally(TestNG.java:1137)
at org.testng.TestNG.runSuites(TestNG.java:1049)
at org.testng.TestNG.run(TestNG.java:1017)
at org.testng.remote.AbstractRemoteTestNG.run(AbstractRemoteTestNG.java:114)
at org.testng.remote.RemoteTestNG.initAndRun(RemoteTestNG.java:251)
at org.testng.remote.RemoteTestNG.main(RemoteTestNG.java:77)
]]>
            </full-stacktrace>
          </exception> <!-- java.lang.AssertionError -->
          <reporter-output>
            <line>
              <![CDATA[fail!!!!]]>
            </line>
          </reporter-output>
        </test-method> <!-- test2 -->
        <test-method status="PASS" signature="closeBrowser()[pri:0, instance:scripts.TestA@4b553d26]" name="closeBrowser" is-config="true" duration-ms="2395" started-at="2018-12-10T09:39:21Z" finished-at="2018-12-10T09:39:23Z">
          <reporter-output>
          </reporter-output>
        </test-method> <!-- closeBrowser -->
      </class> <!-- scripts.TestA -->
      <class name="scripts.TestB">
        <test-method status="PASS" signature="openbrowser()[pri:0, instance:scripts.TestB@80503]" name="openbrowser" is-config="true" duration-ms="5960" started-at="2018-12-10T09:38:58Z" finished-at="2018-12-10T09:39:04Z">
          <reporter-output>
          </reporter-output>
        </test-method> <!-- openbrowser -->
        <test-method status="PASS" signature="test3()[pri:0, instance:scripts.TestB@80503]" name="test3" duration-ms="298" started-at="2018-12-10T09:39:04Z" finished-at="2018-12-10T09:39:05Z">
          <reporter-output>
            <line>
              <![CDATA[success......]]>
            </line>
            <line>
              <![CDATA[success!!!!]]>
            </line>
          </reporter-output>
        </test-method> <!-- test3 -->
        <test-method status="PASS" signature="closeBrowser()[pri:0, instance:scripts.TestB@80503]" name="closeBrowser" is-config="true" duration-ms="2384" started-at="2018-12-10T09:39:05Z" finished-at="2018-12-10T09:39:07Z">
          <reporter-output>
          </reporter-output>
        </test-method> <!-- closeBrowser -->
      </class> <!-- scripts.TestB -->
    </test> <!-- Test -->
  </suite> <!-- Suite -->
</testng-results>
